빌드 시작: 2015-05-27 오전 11:57:13
     1>2 노드의 "C:\Users\271-실습실\Desktop\MyDraw\MyDraw.vcxproj" 프로젝트(Build 대상)입니다.
     1>ClCompile:
         C:\Program Files\Microsoft Visual Studio 12.0\VC\bin\CL.exe /c /ZI /nologo /W3 /WX- /Od /Oy- /D WIN32 /D _DEBUG /D _WINDOWS /D _VC80_UPGRADE=0x0600 /D _UNICODE /D UNICODE /D _AFXDLL /Gm /EHsc /RTC1 /MDd /GS /Gy- /fp:precise /Zc:wchar_t /Zc:forScope /Yu"stdafx.h" /Fp".\Debug\MyDraw.pch" /Fo".\Debug\\" /Fd".\Debug\vc120.pdb" /Gd /TP /analyze- /errorReport:prompt MyDrawDoc.cpp
         MyDrawDoc.cpp
       ResourceCompile:
         C:\Program Files\Windows Kits\8.1\bin\x86\rc.exe /D _DEBUG /D _VC80_UPGRADE=0x0600 /D _UNICODE /D UNICODE /D _AFXDLL /l"0x0412" /nologo /fo".\Debug\MyDraw.res" MyDraw.rc 
       Link:
         C:\Program Files\Microsoft Visual Studio 12.0\VC\bin\link.exe /ERRORREPORT:PROMPT /OUT:".\Debug\MyDraw.exe" /INCREMENTAL /NOLOGO /MANIFEST /MANIFESTUAC:"level='asInvoker' uiAccess='false'" /manifest:embed /manifestinput:"C:\Program Files\Microsoft Visual Studio 12.0\VC\Include\Manifest\dpiaware.manifest" /DEBUG /PDB:".\Debug\MyDraw.pdb" /SUBSYSTEM:WINDOWS /TLBID:1 /ENTRY:"wWinMainCRTStartup" /DYNAMICBASE /NXCOMPAT /IMPLIB:".\Debug\MyDraw.lib" /MACHINE:X86 /SAFESEH .\Debug\MyDraw.res
         .\Debug\ChildFrm.obj
         .\Debug\Line1.obj
         .\Debug\MainFrm.obj
         .\Debug\MyDraw.obj
         .\Debug\MyDrawDoc.obj
         .\Debug\MyDrawView.obj
         .\Debug\StdAfx.obj
     1>LINK : warning LNK4076: '.\Debug\MyDraw.ilk' 증분 상태 파일이 잘못되었습니다(삭제됨). 비증분 링크합니다.
     1>ChildFrm.obj : warning LNK4075: '/EDITANDCONTINUE'이(가) '/OPT:LBR' 사양으로 인해 무시됩니다.
         MyDraw.vcxproj -> C:\Users\271-실습실\Desktop\MyDraw\.\Debug\MyDraw.exe
     1>"C:\Users\271-실습실\Desktop\MyDraw\MyDraw.vcxproj" 프로젝트를 빌드했습니다(Build 대상).

빌드했습니다.

경과 시간: 00:00:03.26
